<?xml version="1.0" encoding="UTF-8"?>
<!-- Generated by org.testng.reporters.JUnitXMLReporter -->
<testsuite hostname="Ananth-PC" name="Default test" tests="3" failures="0" timestamp="21 Mar 2014 13:55:33 GMT" time="0.026" errors="0">
  <testcase name="dataproviderdatausage" time="0.008" classname="Package1.Sample10"/>
  <testcase name="dataproviderdatausage" time="0.0" classname="Package1.Sample10"/>
  <testcase name="onedimensionalData" time="0.001" classname="Package1.Sample10">
    <skipped/>
  </testcase> <!-- onedimensionalData -->
</testsuite> <!-- Default test -->
