<?xml version="1.0" encoding="UTF-8"?>
<testng-results skipped="0" failed="1" total="3" passed="2">
  <reporter-output>
  </reporter-output>
  <suite name="Default suite" duration-ms="26" started-at="2014-03-21T13:55:33Z" finished-at="2014-03-21T13:55:33Z">
    <groups>
    </groups>
    <test name="Default test" duration-ms="26" started-at="2014-03-21T13:55:33Z" finished-at="2014-03-21T13:55:33Z">
      <class name="Package1.Sample10">
        <test-method status="PASS" signature="dataproviderdatausage(java.lang.String, java.lang.String)[pri:0, instance:Package1.Sample10@4d2125]" name="dataproviderdatausage" duration-ms="8" started-at="2014-03-21T19:25:33Z" data-provider="test1" finished-at="2014-03-21T19:25:33Z">
          <params>
            <param index="0">
              <value>
                <![CDATA[5]]>
              </value>
            </param>
            <param index="1">
              <value>
                <![CDATA[6]]>
              </value>
            </param>
          </params>
          <reporter-output>
          </reporter-output>
        </test-method> <!-- dataproviderdatausage -->
        <test-method status="PASS" signature="dataproviderdatausage(java.lang.String, java.lang.String)[pri:0, instance:Package1.Sample10@4d2125]" name="dataproviderdatausage" duration-ms="0" started-at="2014-03-21T19:25:33Z" data-provider="test1" finished-at="2014-03-21T19:25:33Z">
          <params>
            <param index="0">
              <value>
                <![CDATA[8]]>
              </value>
            </param>
            <param index="1">
              <value>
                <![CDATA[10]]>
              </value>
            </param>
          </params>
          <reporter-output>
          </reporter-output>
        </test-method> <!-- dataproviderdatausage -->
        <test-method status="FAIL" signature="onedimensionalData(java.lang.Integer)[pri:0, instance:Package1.Sample10@4d2125]" name="onedimensionalData" duration-ms="0" started-at="2014-03-21T19:25:33Z" data-provider="test2" finished-at="2014-03-21T19:25:33Z">
          <exception class="org.testng.TestNGException">
            <message>
              <![CDATA[
Data Provider public java.util.Iterator[] Package1.Sample10.iteratorData() must return either Object[][] or Iterator<Object>[], not class [Ljava.util.Iterator;]]>
            </message>
            <full-stacktrace>
              <![CDATA[org.testng.TestNGException: 
Data Provider public java.util.Iterator[] Package1.Sample10.iteratorData() must return either Object[][] or Iterator<Object>[], not class [Ljava.util.Iterator;
	at org.testng.internal.MethodInvocationHelper.invokeDataProvider(MethodInvocationHelper.java:155)
	at org.testng.internal.Parameters.handleParameters(Parameters.java:429)
	at org.testng.internal.Invoker.handleParameters(Invoker.java:1383)
	at org.testng.internal.Invoker.createParameters(Invoker.java:1075)
	at org.testng.internal.Invoker.invokeTestMethods(Invoker.java:1180)
	at org.testng.internal.TestMethodWorker.invokeTestMethods(TestMethodWorker.java:127)
	at org.testng.internal.TestMethodWorker.run(TestMethodWorker.java:111)
	at org.testng.TestRunner.privateRun(TestRunner.java:767)
	at org.testng.TestRunner.run(TestRunner.java:617)
	at org.testng.SuiteRunner.runTest(SuiteRunner.java:334)
	at org.testng.SuiteRunner.runSequentially(SuiteRunner.java:329)
	at org.testng.SuiteRunner.privateRun(SuiteRunner.java:291)
	at org.testng.SuiteRunner.run(SuiteRunner.java:240)
	at org.testng.SuiteRunnerWorker.runSuite(SuiteRunnerWorker.java:52)
	at org.testng.SuiteRunnerWorker.run(SuiteRunnerWorker.java:86)
	at org.testng.TestNG.runSuitesSequentially(TestNG.java:1224)
	at org.testng.TestNG.runSuitesLocally(TestNG.java:1149)
	at org.testng.TestNG.run(TestNG.java:1057)
	at org.testng.remote.RemoteTestNG.run(RemoteTestNG.java:111)
	at org.testng.remote.RemoteTestNG.initAndRun(RemoteTestNG.java:204)
	at org.testng.remote.RemoteTestNG.main(RemoteTestNG.java:175)
]]>
            </full-stacktrace>
          </exception> <!-- org.testng.TestNGException -->
          <reporter-output>
          </reporter-output>
        </test-method> <!-- onedimensionalData -->
      </class> <!-- Package1.Sample10 -->
    </test> <!-- Default test -->
  </suite> <!-- Default suite -->
</testng-results>
